Using pre-set license
Built from '2021.1/staging' branch; Version is '2021.1.7f1 (d91830b65d9b) revision 14227504'; Using compiler version '192528614'; Build Type 'Release'
OS: 'Windows 10 Pro; OS build 19041.804; Version 2004; 64bit' Language: 'ru' Physical Memory: 15816 MB
BatchMode: 1, IsHumanControllingUs: 0, StartBugReporterOnCrash: 0, Is64bit: 1, IsPro: 0

 COMMAND LINE ARGUMENTS:
F:\Programms\Unity\2021.1.7f1\Editor\Unity.exe
-adb2
-batchMode
-noUpm
-name
AssetImportWorker0
-projectPath
F:/projects/tatarewa
-logFile
Logs/AssetImportWorker0.log
-srvPort
59034
Successfully changed project path to: F:/projects/tatarewa
F:/projects/tatarewa
Using Asset Import Pipeline V2.
Refreshing native plugins compatible for Editor in 99.08 ms, found 2 plugins.
Preloading 0 native plugins for Editor in 0.00 ms.
Initialize engine version: 2021.1.7f1 (d91830b65d9b)
[Subsystems] Discovering subsystems at path F:/Programms/Unity/2021.1.7f1/Editor/Data/Resources/UnitySubsystems
[Subsystems] Discovering subsystems at path F:/projects/tatarewa/Assets
GfxDevice: creating device client; threaded=0; jobified=0
Direct3D:
    Version:  Direct3D 11.0 [level 11.1]
    Renderer: NVIDIA GeForce GTX 960 (ID=0x1401)
    Vendor:   NVIDIA
    VRAM:     2007 MB
    Driver:   27.21.14.6172
Initialize mono
Mono path[0] = 'F:/Programms/Unity/2021.1.7f1/Editor/Data/Managed'
Mono path[1] = 'F:/Programms/Unity/2021.1.7f1/Editor/Data/MonoBleedingEdge/lib/mono/unityjit'
Mono config path = 'F:/Programms/Unity/2021.1.7f1/Editor/Data/MonoBleedingEdge/etc'
Using monoOptions --debugger-agent=transport=dt_socket,embedding=1,server=y,suspend=n,address=127.0.0.1:56372
Begin MonoManager ReloadAssembly
Registering precompiled unity dll's ...
Register platform support module: F:/Programms/Unity/2021.1.7f1/Editor/Data/PlaybackEngines/WebGLSupport/UnityEditor.WebGL.Extensions.dll
Register platform support module: F:/Programms/Unity/2021.1.7f1/Editor/Data/PlaybackEngines/MacStandaloneSupport/UnityEditor.OSXStandalone.Extensions.dll
Register platform support module: F:/Programms/Unity/2021.1.7f1/Editor/Data/PlaybackEngines/WindowsStandaloneSupport/UnityEditor.WindowsStandalone.Extensions.dll
Registered in 0.002185 seconds.
Native extension for WindowsStandalone target not found
Native extension for OSXStandalone target not found
Native extension for WebGL target not found
Refreshing native plugins compatible for Editor in 99.44 ms, found 2 plugins.
Preloading 0 native plugins for Editor in 0.00 ms.
Mono: successfully reloaded assembly
- Completed reload, in  3.068 seconds
Platform modules already initialized, skipping
Registering precompiled user dll's ...
Registered in 0.004039 seconds.
Begin MonoManager ReloadAssembly
Native extension for WindowsStandalone target not found
Native extension for OSXStandalone target not found
Native extension for WebGL target not found
Refreshing native plugins compatible for Editor in 100.23 ms, found 2 plugins.
Preloading 0 native plugins for Editor in 0.00 ms.
Mono: successfully reloaded assembly
- Completed reload, in  1.865 seconds
Platform modules already initialized, skipping
========================================================================
Worker process is ready to serve import requests
Launched and connected shader compiler UnityShaderCompiler.exe after 0.05 seconds
Refreshing native plugins compatible for Editor in 0.84 ms, found 2 plugins.
Preloading 0 native plugins for Editor in 0.00 ms.
Unloading 3711 Unused Serialized files (Serialized files now loaded: 0)
System memory in use before: 141.0 MB.
System memory in use after: 141.1 MB.

Unloading 31 unused Assets to reduce memory usage. Loaded Objects now: 4170.
Total: 2.745500 ms (FindLiveObjects: 0.354900 ms CreateObjectMapping: 0.097900 ms MarkObjects: 2.175900 ms  DeleteObjects: 0.115700 ms)

========================================================================
Received Import Request.
  path: Assets/Input
  artifactKey: Guid(a7c073ea9b7ae5f4384576345b687ddb) Importer(815301076,1909f56bfc062723c751e8b465ee728b)
Start importing Assets/Input using Guid(a7c073ea9b7ae5f4384576345b687ddb) Importer(815301076,1909f56bfc062723c751e8b465ee728b)  -> (artifact id: '006924909fa83d9d3f5e937eef23d387') in 0.009335 seconds 
========================================================================
Received Import Request.
  Time since last request: 6.906031 seconds.
  path: Assets/Input/Inputs.inputactions
  artifactKey: Guid(34bb6814b2eb30a4894bfa81476041b9) Importer(815301076,1909f56bfc062723c751e8b465ee728b)
Start importing Assets/Input/Inputs.inputactions using Guid(34bb6814b2eb30a4894bfa81476041b9) Importer(815301076,1909f56bfc062723c751e8b465ee728b)  -> (artifact id: '88284b1a1162c88143d4605cd5ed9f45') in 0.170826 seconds 
========================================================================
Received Import Request.
  Time since last request: 12.914386 seconds.
  path: Assets/Input/PlayerControls.inputactions
  artifactKey: Guid(34bb6814b2eb30a4894bfa81476041b9) Importer(815301076,1909f56bfc062723c751e8b465ee728b)
Start importing Assets/Input/PlayerControls.inputactions using Guid(34bb6814b2eb30a4894bfa81476041b9) Importer(815301076,1909f56bfc062723c751e8b465ee728b)  -> (artifact id: '5f8a670f2bea22eecc35e1fbdcea5896') in 0.007105 seconds 
========================================================================
Received Prepare
Registering precompiled user dll's ...
Registered in 0.004084 seconds.
Begin MonoManager ReloadAssembly
Native extension for WindowsStandalone target not found
Native extension for OSXStandalone target not found
Native extension for WebGL target not found
Refreshing native plugins compatible for Editor in 0.85 ms, found 2 plugins.
Preloading 0 native plugins for Editor in 0.00 ms.
Mono: successfully reloaded assembly
- Completed reload, in  0.965 seconds
Platform modules already initialized, skipping
Switching build target platform(19) subTarget(0) extendedPlatform(0) -> platform(13) subTarget(537395200) extendedPlatform(0)
Refreshing native plugins compatible for Editor in 0.84 ms, found 2 plugins.
Preloading 0 native plugins for Editor in 0.00 ms.
Unloading 3696 Unused Serialized files (Serialized files now loaded: 0)
System memory in use before: 139.8 MB.
System memory in use after: 140.0 MB.

Unloading 17 unused Assets to reduce memory usage. Loaded Objects now: 4175.
Total: 2.594400 ms (FindLiveObjects: 0.333800 ms CreateObjectMapping: 0.103300 ms MarkObjects: 2.067600 ms  DeleteObjects: 0.088800 ms)

AssetImportParameters requested are different than current active one (requested -> active):
  custom:graphics/normal-map-encoding: 01000000000000000000000000000000 -> 02000000000000000000000000000000
========================================================================
Received Import Request.
  Time since last request: 107.858196 seconds.
  path: Assets/Input/PlayerControls.inputactions
  artifactKey: Guid(34bb6814b2eb30a4894bfa81476041b9) Importer(815301076,1909f56bfc062723c751e8b465ee728b)
Start importing Assets/Input/PlayerControls.inputactions using Guid(34bb6814b2eb30a4894bfa81476041b9) Importer(815301076,1909f56bfc062723c751e8b465ee728b)  -> (artifact id: 'f8a0d01aa64ace25b24256ceedd16df2') in 0.024586 seconds 
========================================================================
Received Prepare
Registering precompiled user dll's ...
Registered in 0.004803 seconds.
Begin MonoManager ReloadAssembly
Native extension for WindowsStandalone target not found
Native extension for OSXStandalone target not found
Native extension for WebGL target not found
Refreshing native plugins compatible for Editor in 0.80 ms, found 2 plugins.
Preloading 0 native plugins for Editor in 0.00 ms.
Mono: successfully reloaded assembly
- Completed reload, in  0.980 seconds
Platform modules already initialized, skipping
Switching build target platform(19) subTarget(0) extendedPlatform(0) -> platform(13) subTarget(537395200) extendedPlatform(0)
Refreshing native plugins compatible for Editor in 0.89 ms, found 2 plugins.
Preloading 0 native plugins for Editor in 0.00 ms.
Unloading 3696 Unused Serialized files (Serialized files now loaded: 0)
System memory in use before: 139.9 MB.
System memory in use after: 140.0 MB.

Unloading 17 unused Assets to reduce memory usage. Loaded Objects now: 4179.
Total: 3.003600 ms (FindLiveObjects: 0.392000 ms CreateObjectMapping: 0.103800 ms MarkObjects: 2.411700 ms  DeleteObjects: 0.094600 ms)

AssetImportParameters requested are different than current active one (requested -> active):
  custom:graphics/normal-map-encoding: 01000000000000000000000000000000 -> 02000000000000000000000000000000
========================================================================
Received Import Request.
  Time since last request: 28.563587 seconds.
  path: Assets/Scripts/Input
  artifactKey: Guid(07dd3e0ba5882ae4193be1f672f90dbf) Importer(815301076,1909f56bfc062723c751e8b465ee728b)
Start importing Assets/Scripts/Input using Guid(07dd3e0ba5882ae4193be1f672f90dbf) Importer(815301076,1909f56bfc062723c751e8b465ee728b)  -> (artifact id: 'e0c29dd82601edcc2dac8d97f4307c64') in 0.082509 seconds 
========================================================================
Received Prepare
Registering precompiled user dll's ...
Registered in 0.004165 seconds.
Begin MonoManager ReloadAssembly
Native extension for WindowsStandalone target not found
Native extension for OSXStandalone target not found
Native extension for WebGL target not found
Refreshing native plugins compatible for Editor in 1.21 ms, found 2 plugins.
Preloading 0 native plugins for Editor in 0.00 ms.
Mono: successfully reloaded assembly
- Completed reload, in  0.961 seconds
Platform modules already initialized, skipping
Switching build target platform(19) subTarget(0) extendedPlatform(0) -> platform(13) subTarget(537395200) extendedPlatform(0)
Refreshing native plugins compatible for Editor in 0.83 ms, found 2 plugins.
Preloading 0 native plugins for Editor in 0.00 ms.
Unloading 3696 Unused Serialized files (Serialized files now loaded: 0)
System memory in use before: 139.9 MB.
System memory in use after: 140.1 MB.

Unloading 17 unused Assets to reduce memory usage. Loaded Objects now: 4183.
Total: 2.744700 ms (FindLiveObjects: 0.425600 ms CreateObjectMapping: 0.097000 ms MarkObjects: 2.127900 ms  DeleteObjects: 0.092900 ms)

AssetImportParameters requested are different than current active one (requested -> active):
  custom:graphics/normal-map-encoding: 01000000000000000000000000000000 -> 02000000000000000000000000000000
========================================================================
Received Prepare
Registering precompiled user dll's ...
Registered in 0.004682 seconds.
Begin MonoManager ReloadAssembly
Native extension for WindowsStandalone target not found
Native extension for OSXStandalone target not found
Native extension for WebGL target not found
Refreshing native plugins compatible for Editor in 0.76 ms, found 2 plugins.
Preloading 0 native plugins for Editor in 0.00 ms.
Mono: successfully reloaded assembly
- Completed reload, in  0.935 seconds
Platform modules already initialized, skipping
Switching build target platform(19) subTarget(0) extendedPlatform(0) -> platform(13) subTarget(537395200) extendedPlatform(0)
Refreshing native plugins compatible for Editor in 0.78 ms, found 2 plugins.
Preloading 0 native plugins for Editor in 0.00 ms.
Unloading 3696 Unused Serialized files (Serialized files now loaded: 0)
System memory in use before: 140.0 MB.
System memory in use after: 140.1 MB.

Unloading 17 unused Assets to reduce memory usage. Loaded Objects now: 4187.
Total: 2.975600 ms (FindLiveObjects: 0.332300 ms CreateObjectMapping: 0.097600 ms MarkObjects: 2.457900 ms  DeleteObjects: 0.086800 ms)

AssetImportParameters requested are different than current active one (requested -> active):
  custom:graphics/normal-map-encoding: 01000000000000000000000000000000 -> 02000000000000000000000000000000
========================================================================
Received Import Request.
  Time since last request: 37.030856 seconds.
  path: Assets/Scripts/TextLoader.cs
  artifactKey: Guid(c401bb2388e1e0b4e8343e88af86b6ec) Importer(815301076,1909f56bfc062723c751e8b465ee728b)
Start importing Assets/Scripts/TextLoader.cs using Guid(c401bb2388e1e0b4e8343e88af86b6ec) Importer(815301076,1909f56bfc062723c751e8b465ee728b)  -> (artifact id: '373b69045e1177de5255546356f2262a') in 0.088815 seconds 
========================================================================
Received Import Request.
  Time since last request: 0.831568 seconds.
  path: Assets/Scripts/TextSelector.cs
  artifactKey: Guid(cd4f1f5dd8634894facfb1a784a0f5e4) Importer(815301076,1909f56bfc062723c751e8b465ee728b)
Start importing Assets/Scripts/TextSelector.cs using Guid(cd4f1f5dd8634894facfb1a784a0f5e4) Importer(815301076,1909f56bfc062723c751e8b465ee728b)  -> (artifact id: '26fa9bf2fb7e3acc6b5a2a10d8b3911e') in 0.005756 seconds 
========================================================================
Received Import Request.
  Time since last request: 3.380489 seconds.
  path: Assets/Scripts/NewWordsIO.cs
  artifactKey: Guid(bab697f453818d747872174e253c18ee) Importer(815301076,1909f56bfc062723c751e8b465ee728b)
Start importing Assets/Scripts/NewWordsIO.cs using Guid(bab697f453818d747872174e253c18ee) Importer(815301076,1909f56bfc062723c751e8b465ee728b)  -> (artifact id: '89074c2a9a3f0de0e0e3f7f28dddde48') in 0.006839 seconds 
========================================================================
Received Import Request.
  Time since last request: 0.554623 seconds.
  path: Assets/Scripts/NewWordsLearn.cs
  artifactKey: Guid(56467b516014bde4d87056f904a564a1) Importer(815301076,1909f56bfc062723c751e8b465ee728b)
Start importing Assets/Scripts/NewWordsLearn.cs using Guid(56467b516014bde4d87056f904a564a1) Importer(815301076,1909f56bfc062723c751e8b465ee728b)  -> (artifact id: 'a77a8a7b311cc5670332152c8ad390d5') in 0.006377 seconds 
========================================================================
Received Import Request.
  Time since last request: 1.651102 seconds.
  path: Assets/Scripts/SceneChanger.cs
  artifactKey: Guid(52f75454330b9324f89e70817f4b1d50) Importer(815301076,1909f56bfc062723c751e8b465ee728b)
Start importing Assets/Scripts/SceneChanger.cs using Guid(52f75454330b9324f89e70817f4b1d50) Importer(815301076,1909f56bfc062723c751e8b465ee728b)  -> (artifact id: 'ec90c41b1c94ed2be8e92b16c7e43193') in 0.006633 seconds 
========================================================================
Received Import Request.
  Time since last request: 0.326351 seconds.
  path: Assets/Scripts/Extenstions.cs
  artifactKey: Guid(1286d9c4fdec22a45a4c82e92bfe727b) Importer(815301076,1909f56bfc062723c751e8b465ee728b)
Start importing Assets/Scripts/Extenstions.cs using Guid(1286d9c4fdec22a45a4c82e92bfe727b) Importer(815301076,1909f56bfc062723c751e8b465ee728b)  -> (artifact id: '26edc51dea10cea9c709a3b9061523ca') in 0.006445 seconds 
========================================================================
Received Import Request.
  Time since last request: 0.835904 seconds.
  path: Assets/Scripts/DictionaryButton.cs
  artifactKey: Guid(b4dce90c1e60a2344a575cbd0b76f873) Importer(815301076,1909f56bfc062723c751e8b465ee728b)
Start importing Assets/Scripts/DictionaryButton.cs using Guid(b4dce90c1e60a2344a575cbd0b76f873) Importer(815301076,1909f56bfc062723c751e8b465ee728b)  -> (artifact id: '387c6a9b16fa5e2ca981263fb570e77e') in 0.006161 seconds 
========================================================================
Received Import Request.
  Time since last request: 2.486444 seconds.
  path: Assets/Scripts/ConnectionChecker.cs
  artifactKey: Guid(638fc062c2e704347822d8f55fb6ab7b) Importer(815301076,1909f56bfc062723c751e8b465ee728b)
Start importing Assets/Scripts/ConnectionChecker.cs using Guid(638fc062c2e704347822d8f55fb6ab7b) Importer(815301076,1909f56bfc062723c751e8b465ee728b)  -> (artifact id: 'e5f1d902a3d6f236745380ccc7d2e2b2') in 0.006619 seconds 
========================================================================
Received Import Request.
  Time since last request: 0.392746 seconds.
  path: Assets/Scripts/ClickableText.cs
  artifactKey: Guid(a4b047340c849ad478f7b3ba84fd140c) Importer(815301076,1909f56bfc062723c751e8b465ee728b)
Start importing Assets/Scripts/ClickableText.cs using Guid(a4b047340c849ad478f7b3ba84fd140c) Importer(815301076,1909f56bfc062723c751e8b465ee728b)  -> (artifact id: 'e5c8ff8dc3c82f94c367b49f86f327fa') in 0.006085 seconds 
========================================================================
Received Import Request.
  Time since last request: 1.401170 seconds.
  path: Assets/Scripts/BookHolder.cs
  artifactKey: Guid(12b30bf49dde9594192a25acda8492f6) Importer(815301076,1909f56bfc062723c751e8b465ee728b)
Start importing Assets/Scripts/BookHolder.cs using Guid(12b30bf49dde9594192a25acda8492f6) Importer(815301076,1909f56bfc062723c751e8b465ee728b)  -> (artifact id: '6b3adef30bef8062ef36faef9d2b6d22') in 0.007150 seconds 
========================================================================
Received Import Request.
  Time since last request: 0.000222 seconds.
  path: Assets/Scripts/Book.cs
  artifactKey: Guid(2143309474ea1ee4ea8baae70c7da22e) Importer(815301076,1909f56bfc062723c751e8b465ee728b)
Start importing Assets/Scripts/Book.cs using Guid(2143309474ea1ee4ea8baae70c7da22e) Importer(815301076,1909f56bfc062723c751e8b465ee728b)  -> (artifact id: 'd9f9f7e33a24772dbde6721145ec32a2') in 0.006187 seconds 
========================================================================
Received Import Request.
  Time since last request: 26.541283 seconds.
  path: Assets/Scripts/Backend
  artifactKey: Guid(8930962b6dff2fe458ba5632d8ef7437) Importer(815301076,1909f56bfc062723c751e8b465ee728b)
Start importing Assets/Scripts/Backend using Guid(8930962b6dff2fe458ba5632d8ef7437) Importer(815301076,1909f56bfc062723c751e8b465ee728b)  -> (artifact id: '0fa48ed0cf94e339f3c7857c5ccd4880') in 0.006521 seconds 
========================================================================
Received Prepare
Registering precompiled user dll's ...
Registered in 0.004121 seconds.
Begin MonoManager ReloadAssembly
Native extension for WindowsStandalone target not found
Native extension for OSXStandalone target not found
Native extension for WebGL target not found
Refreshing native plugins compatible for Editor in 0.84 ms, found 2 plugins.
Preloading 0 native plugins for Editor in 0.00 ms.
Mono: successfully reloaded assembly
- Completed reload, in  0.938 seconds
Platform modules already initialized, skipping
Switching build target platform(19) subTarget(0) extendedPlatform(0) -> platform(13) subTarget(537395200) extendedPlatform(0)
Refreshing native plugins compatible for Editor in 0.73 ms, found 2 plugins.
Preloading 0 native plugins for Editor in 0.00 ms.
Unloading 3696 Unused Serialized files (Serialized files now loaded: 0)
System memory in use before: 140.0 MB.
System memory in use after: 140.1 MB.

Unloading 17 unused Assets to reduce memory usage. Loaded Objects now: 4191.
Total: 2.513400 ms (FindLiveObjects: 0.319200 ms CreateObjectMapping: 0.101800 ms MarkObjects: 2.009700 ms  DeleteObjects: 0.081800 ms)

AssetImportParameters requested are different than current active one (requested -> active):
  custom:graphics/normal-map-encoding: 01000000000000000000000000000000 -> 02000000000000000000000000000000
========================================================================
Received Import Request.
  Time since last request: 22.546237 seconds.
  path: Assets/Scripts/NewWords.cs
  artifactKey: Guid(e33c0c0b9dec7a04e8a04d1904e751ac) Importer(815301076,1909f56bfc062723c751e8b465ee728b)
Start importing Assets/Scripts/NewWords.cs using Guid(e33c0c0b9dec7a04e8a04d1904e751ac) Importer(815301076,1909f56bfc062723c751e8b465ee728b)  -> (artifact id: '00fe12175d21a65a2119f3568e90c138') in 0.009798 seconds 
========================================================================
Received Prepare
Registering precompiled user dll's ...
Registered in 0.004040 seconds.
Begin MonoManager ReloadAssembly
Native extension for WindowsStandalone target not found
Native extension for OSXStandalone target not found
Native extension for WebGL target not found
Refreshing native plugins compatible for Editor in 0.77 ms, found 2 plugins.
Preloading 0 native plugins for Editor in 0.00 ms.
Mono: successfully reloaded assembly
- Completed reload, in  0.932 seconds
Platform modules already initialized, skipping
Switching build target platform(19) subTarget(0) extendedPlatform(0) -> platform(13) subTarget(537395200) extendedPlatform(0)
Refreshing native plugins compatible for Editor in 0.77 ms, found 2 plugins.
Preloading 0 native plugins for Editor in 0.00 ms.
Unloading 3696 Unused Serialized files (Serialized files now loaded: 0)
System memory in use before: 140.0 MB.
System memory in use after: 140.1 MB.

Unloading 17 unused Assets to reduce memory usage. Loaded Objects now: 4195.
Total: 3.036900 ms (FindLiveObjects: 0.317100 ms CreateObjectMapping: 0.098100 ms MarkObjects: 2.522500 ms  DeleteObjects: 0.098100 ms)

AssetImportParameters requested are different than current active one (requested -> active):
  custom:graphics/normal-map-encoding: 01000000000000000000000000000000 -> 02000000000000000000000000000000
========================================================================
Received Import Request.
  Time since last request: 14.922234 seconds.
  path: Assets/Scripts/Statics
  artifactKey: Guid(5de3dfe9dfdc8a5409823208723315f6) Importer(815301076,1909f56bfc062723c751e8b465ee728b)
Start importing Assets/Scripts/Statics using Guid(5de3dfe9dfdc8a5409823208723315f6) Importer(815301076,1909f56bfc062723c751e8b465ee728b)  -> (artifact id: '140c595b5848f7ecba331ca579924293') in 0.010769 seconds 
========================================================================
Received Prepare
Registering precompiled user dll's ...
Registered in 0.004068 seconds.
Begin MonoManager ReloadAssembly
Native extension for WindowsStandalone target not found
Native extension for OSXStandalone target not found
Native extension for WebGL target not found
Refreshing native plugins compatible for Editor in 1.25 ms, found 2 plugins.
Preloading 0 native plugins for Editor in 0.00 ms.
Mono: successfully reloaded assembly
- Completed reload, in  0.962 seconds
Platform modules already initialized, skipping
Switching build target platform(19) subTarget(0) extendedPlatform(0) -> platform(13) subTarget(537395200) extendedPlatform(0)
Refreshing native plugins compatible for Editor in 0.77 ms, found 2 plugins.
Preloading 0 native plugins for Editor in 0.00 ms.
Unloading 3696 Unused Serialized files (Serialized files now loaded: 0)
System memory in use before: 140.1 MB.
System memory in use after: 140.2 MB.

Unloading 17 unused Assets to reduce memory usage. Loaded Objects now: 4199.
Total: 2.539000 ms (FindLiveObjects: 0.335100 ms CreateObjectMapping: 0.098200 ms MarkObjects: 2.009100 ms  DeleteObjects: 0.095700 ms)

AssetImportParameters requested are different than current active one (requested -> active):
  custom:graphics/normal-map-encoding: 01000000000000000000000000000000 -> 02000000000000000000000000000000
========================================================================
Received Import Request.
  Time since last request: 12.730230 seconds.
  path: Assets/Scripts/ProfileWords.cs
  artifactKey: Guid(a84b6725be0ef6945892abcae2450e03) Importer(815301076,1909f56bfc062723c751e8b465ee728b)
Start importing Assets/Scripts/ProfileWords.cs using Guid(a84b6725be0ef6945892abcae2450e03) Importer(815301076,1909f56bfc062723c751e8b465ee728b)  -> (artifact id: 'e49b60f380408f152a576b7035117e01') in 0.010541 seconds 
========================================================================
Received Prepare
Registering precompiled user dll's ...
Registered in 0.004167 seconds.
Begin MonoManager ReloadAssembly
Native extension for WindowsStandalone target not found
Native extension for OSXStandalone target not found
Native extension for WebGL target not found
Refreshing native plugins compatible for Editor in 0.80 ms, found 2 plugins.
Preloading 0 native plugins for Editor in 0.00 ms.
Mono: successfully reloaded assembly
- Completed reload, in  0.937 seconds
Platform modules already initialized, skipping
Switching build target platform(19) subTarget(0) extendedPlatform(0) -> platform(13) subTarget(537395200) extendedPlatform(0)
Refreshing native plugins compatible for Editor in 0.74 ms, found 2 plugins.
Preloading 0 native plugins for Editor in 0.00 ms.
Unloading 3696 Unused Serialized files (Serialized files now loaded: 0)
System memory in use before: 140.1 MB.
System memory in use after: 140.2 MB.

Unloading 17 unused Assets to reduce memory usage. Loaded Objects now: 4203.
Total: 2.545300 ms (FindLiveObjects: 0.346800 ms CreateObjectMapping: 0.098300 ms MarkObjects: 2.011500 ms  DeleteObjects: 0.087600 ms)

AssetImportParameters requested are different than current active one (requested -> active):
  custom:graphics/normal-map-encoding: 01000000000000000000000000000000 -> 02000000000000000000000000000000
========================================================================
Received Import Request.
  Time since last request: 5.354102 seconds.
  path: Assets/Scripts/Reader.cs
  artifactKey: Guid(7c41acfda8064a349987383521b32b88) Importer(815301076,1909f56bfc062723c751e8b465ee728b)
Start importing Assets/Scripts/Reader.cs using Guid(7c41acfda8064a349987383521b32b88) Importer(815301076,1909f56bfc062723c751e8b465ee728b)  -> (artifact id: '505906335720a900b569b72970b40c55') in 1.563298 seconds 
========================================================================
Received Import Request.
  Time since last request: 6.693109 seconds.
  path: Assets/Scripts/Speaker.cs
  artifactKey: Guid(fe2bab6e8d0fb294893be276b0dbd554) Importer(815301076,1909f56bfc062723c751e8b465ee728b)
Start importing Assets/Scripts/Speaker.cs using Guid(fe2bab6e8d0fb294893be276b0dbd554) Importer(815301076,1909f56bfc062723c751e8b465ee728b)  -> (artifact id: '85f356c31d035bb11e04b426e78f1318') in 0.007169 seconds 
========================================================================
Received Prepare
Registering precompiled user dll's ...
Registered in 0.004670 seconds.
Begin MonoManager ReloadAssembly
Native extension for WindowsStandalone target not found
Native extension for OSXStandalone target not found
Native extension for WebGL target not found
Refreshing native plugins compatible for Editor in 0.85 ms, found 2 plugins.
Preloading 0 native plugins for Editor in 0.00 ms.
Mono: successfully reloaded assembly
- Completed reload, in  0.939 seconds
Platform modules already initialized, skipping
Switching build target platform(19) subTarget(0) extendedPlatform(0) -> platform(13) subTarget(537395200) extendedPlatform(0)
Refreshing native plugins compatible for Editor in 0.75 ms, found 2 plugins.
Preloading 0 native plugins for Editor in 0.00 ms.
Unloading 3696 Unused Serialized files (Serialized files now loaded: 0)
System memory in use before: 140.0 MB.
System memory in use after: 140.2 MB.

Unloading 17 unused Assets to reduce memory usage. Loaded Objects now: 4207.
Total: 2.848500 ms (FindLiveObjects: 0.338600 ms CreateObjectMapping: 0.098300 ms MarkObjects: 2.322900 ms  DeleteObjects: 0.087700 ms)

AssetImportParameters requested are different than current active one (requested -> active):
  custom:graphics/normal-map-encoding: 01000000000000000000000000000000 -> 02000000000000000000000000000000
========================================================================
Received Import Request.
  Time since last request: 5.902469 seconds.
  path: Assets/Scripts/WordPopup.cs
  artifactKey: Guid(555a3bbbe721dde4188c52da3c9f26c3) Importer(815301076,1909f56bfc062723c751e8b465ee728b)
Start importing Assets/Scripts/WordPopup.cs using Guid(555a3bbbe721dde4188c52da3c9f26c3) Importer(815301076,1909f56bfc062723c751e8b465ee728b)  -> (artifact id: '110db832522640e60aa5f5079a43a6d2') in 0.010393 seconds 
========================================================================
Received Import Request.
  Time since last request: 15.402831 seconds.
  path: Assets/Scripts/UI
  artifactKey: Guid(823b46a8bb6f50d47a956c10b1434e3e) Importer(815301076,1909f56bfc062723c751e8b465ee728b)
Start importing Assets/Scripts/UI using Guid(823b46a8bb6f50d47a956c10b1434e3e) Importer(815301076,1909f56bfc062723c751e8b465ee728b)  -> (artifact id: '43e3231c70d4b6e53405921170fdc2ce') in 0.006405 seconds 
========================================================================
Received Prepare
Registering precompiled user dll's ...
Registered in 0.003965 seconds.
Begin MonoManager ReloadAssembly
Native extension for WindowsStandalone target not found
Native extension for OSXStandalone target not found
Native extension for WebGL target not found
Refreshing native plugins compatible for Editor in 0.89 ms, found 2 plugins.
Preloading 0 native plugins for Editor in 0.00 ms.
Mono: successfully reloaded assembly
- Completed reload, in  0.941 seconds
Platform modules already initialized, skipping
Switching build target platform(19) subTarget(0) extendedPlatform(0) -> platform(13) subTarget(537395200) extendedPlatform(0)
Refreshing native plugins compatible for Editor in 0.76 ms, found 2 plugins.
Preloading 0 native plugins for Editor in 0.00 ms.
Unloading 3696 Unused Serialized files (Serialized files now loaded: 0)
System memory in use before: 140.1 MB.
System memory in use after: 140.3 MB.

Unloading 17 unused Assets to reduce memory usage. Loaded Objects now: 4211.
Total: 2.535400 ms (FindLiveObjects: 0.323800 ms CreateObjectMapping: 0.097000 ms MarkObjects: 2.015800 ms  DeleteObjects: 0.098000 ms)

AssetImportParameters requested are different than current active one (requested -> active):
  custom:graphics/normal-map-encoding: 01000000000000000000000000000000 -> 02000000000000000000000000000000
========================================================================
Received Prepare
Registering precompiled user dll's ...
Registered in 0.004258 seconds.
Begin MonoManager ReloadAssembly
Native extension for WindowsStandalone target not found
Native extension for OSXStandalone target not found
Native extension for WebGL target not found
Refreshing native plugins compatible for Editor in 0.77 ms, found 2 plugins.
Preloading 0 native plugins for Editor in 0.00 ms.
Mono: successfully reloaded assembly
- Completed reload, in  0.957 seconds
Platform modules already initialized, skipping
Switching build target platform(19) subTarget(0) extendedPlatform(0) -> platform(13) subTarget(537395200) extendedPlatform(0)
Refreshing native plugins compatible for Editor in 0.75 ms, found 2 plugins.
Preloading 0 native plugins for Editor in 0.00 ms.
Unloading 3696 Unused Serialized files (Serialized files now loaded: 0)
System memory in use before: 140.1 MB.
System memory in use after: 140.3 MB.

Unloading 17 unused Assets to reduce memory usage. Loaded Objects now: 4215.
Total: 2.482000 ms (FindLiveObjects: 0.308700 ms CreateObjectMapping: 0.096600 ms MarkObjects: 1.990100 ms  DeleteObjects: 0.085700 ms)

AssetImportParameters requested are different than current active one (requested -> active):
  custom:graphics/normal-map-encoding: 01000000000000000000000000000000 -> 02000000000000000000000000000000
========================================================================
Received Prepare
Registering precompiled user dll's ...
Registered in 0.004273 seconds.
Begin MonoManager ReloadAssembly
Native extension for WindowsStandalone target not found
Native extension for OSXStandalone target not found
Native extension for WebGL target not found
Refreshing native plugins compatible for Editor in 0.89 ms, found 2 plugins.
Preloading 0 native plugins for Editor in 0.00 ms.
Mono: successfully reloaded assembly
- Completed reload, in  0.960 seconds
Platform modules already initialized, skipping
Switching build target platform(19) subTarget(0) extendedPlatform(0) -> platform(13) subTarget(537395200) extendedPlatform(0)
Refreshing native plugins compatible for Editor in 0.74 ms, found 2 plugins.
Preloading 0 native plugins for Editor in 0.00 ms.
Unloading 3696 Unused Serialized files (Serialized files now loaded: 0)
System memory in use before: 140.0 MB.
System memory in use after: 140.2 MB.

Unloading 17 unused Assets to reduce memory usage. Loaded Objects now: 4219.
Total: 2.486300 ms (FindLiveObjects: 0.311800 ms CreateObjectMapping: 0.100700 ms MarkObjects: 1.985500 ms  DeleteObjects: 0.087100 ms)

AssetImportParameters requested are different than current active one (requested -> active):
  custom:graphics/normal-map-encoding: 01000000000000000000000000000000 -> 02000000000000000000000000000000
========================================================================
Received Import Request.
  Time since last request: 71.223031 seconds.
  path: Assets/Scripts/Translator.cs
  artifactKey: Guid(694cadddf2c9f2b41854f5a091080c28) Importer(815301076,1909f56bfc062723c751e8b465ee728b)
Start importing Assets/Scripts/Translator.cs using Guid(694cadddf2c9f2b41854f5a091080c28) Importer(815301076,1909f56bfc062723c751e8b465ee728b)  -> (artifact id: '8de918a45d147dd8beef05d26c2b9c09') in 0.010164 seconds 
========================================================================
Received Prepare
Registering precompiled user dll's ...
Registered in 0.004620 seconds.
Begin MonoManager ReloadAssembly
Native extension for WindowsStandalone target not found
Native extension for OSXStandalone target not found
Native extension for WebGL target not found
Refreshing native plugins compatible for Editor in 0.81 ms, found 2 plugins.
Preloading 0 native plugins for Editor in 0.00 ms.
Mono: successfully reloaded assembly
- Completed reload, in  0.974 seconds
Platform modules already initialized, skipping
Switching build target platform(19) subTarget(0) extendedPlatform(0) -> platform(13) subTarget(537395200) extendedPlatform(0)
Refreshing native plugins compatible for Editor in 0.80 ms, found 2 plugins.
Preloading 0 native plugins for Editor in 0.00 ms.
Unloading 3696 Unused Serialized files (Serialized files now loaded: 0)
System memory in use before: 140.2 MB.
System memory in use after: 140.3 MB.

Unloading 17 unused Assets to reduce memory usage. Loaded Objects now: 4223.
Total: 2.896400 ms (FindLiveObjects: 0.418700 ms CreateObjectMapping: 0.235400 ms MarkObjects: 2.148000 ms  DeleteObjects: 0.093100 ms)

AssetImportParameters requested are different than current active one (requested -> active):
  custom:graphics/normal-map-encoding: 01000000000000000000000000000000 -> 02000000000000000000000000000000
